<?xml version="1.0" encoding="utf-8"?><testsuites><testsuite name="pytest" errors="0" failures="0" skipped="0" tests="1" time="0.158" timestamp="2022-09-23T09:16:59.839194" hostname="dlg-air"><testcase classname="tests.test_functions" name="test_delay[&lt;lambda&gt;-250-args0-kwargs0-expected0]" time="0.004" /></testsuite></testsuites>